867
829
727
669
647
627
403
331
243
167
27
865 303 831 926 514 433 811 251 591 969 235 694 718 761 729 843 999 551 361 898 959 770 823 741 81 503 385 113 582 177 466 355 633 807 47 277 851 963 146 991 106 684 546 779 529 322 309 964 803 325 974 527 373 221 753 295 981 737 918 887 834 583 813 215 271 292 470 651 835 934 673 705 716 965 335 467 501 913 17 886 734 657 127 56 519 854 307 284 141 172 935 847 722 267 367 434 877 253 92 408 538 286 982 897 793 115 121 52 936 451 201 362 545 707 681 420 798 341 987 159 901 907 698 359 601 431 556 176 380 967 44 142 946 181 895 268 354 848 733 49 703 71 933 796 194 222 330 180 449 889 805 57 939 197 302 227 452 721 558 882 343 781 51 543 491 129 586 787 338 91 894 738 158 165 54 598 202 476 648 269 305 815 542 153 406 378 123 603 723 816 352 661 35 747 101 430 574 523 838 468 769 157 709 863 366 949 308 103 625 439 436 329 749 950 859 401 254 628 846 909 126 717 685 41 808 455 465 631 299 394 13 573 756 677 667 990 282 183 639 3 258 346 117 561 97 725 506 85 109 637 442 238 107 818 564 481 638 425 424 973 852 498 474 241 255 579 916 789 21 606 339 77 293 736 585 962 349 513 248 485 612 398 763 145 497 397 739 478 345 874 570 861 614 160 395 658 772 337 771 986 572 5 377 353 607 386 493 839 250 821 790 562 526 652 841 29 441 702 567 983 783 626 134 90 634 114 507 347 472 198 133 169 74 207 691 735 124 428 689 994 849 393 662 765 402 587 324 318 595 336 186 239 357 387 422 516 664 511 143 668 461 745 166 435 174 313 37 220 164 477 654 196 618 578 209 742 137 731 237 22 217 211 344 577 797 245 930 30 659 131 931 320 225 86 915 383 68 953 782 495 193 315 31 968 266 593 609 83 418 951 602 437 273 1 99 190 883 182 879 323 372 952 443 530 64 891 219 112 119 809 775 257 873 33 415 817 938 319 475 223 348 599 62 457 531 522 555 988 819 642 679 521 483 759 928 937 984 532 14 306 985 655 726 375 263 162 4 148 399 922 814 350 678 762 505 98 189 278 785 2 212 945 218 552 954 288 301 156 69 231 760 569 980 128 571 979 544 236 311 768 16 9 804 844 46 617 620 139 559 528 786 73 479 547 363 413 214 548 358 23 510 317 743 996 327 392 487 958 701 622 87 459 621 463 55 203 261 948 155 67 977 720 297 780 294 911 794 870 971 116 687 82 944 300 492 645 686 509 204 192 773 15 178 84 53 388 534 632 25 774 776 229 216 151 972 853 326 342 644 923 927 710 706 135 328 955 61 132 59 120 426 136 924 858 611 404 187 249 799 409 228 447 453 281 975 696 641 824 38 296 623 130 912 376 692 826 332 304 674 7 730 976 259 276 39 333 490 230 150 842 917 806 536 565 283 610 862 102 316 289 649 310 416 247 993 390 754 370 264 291 553 445 881 695 899 364 845 482 242 646 663 650 893 905 290 34 138 312 36 240 715 525 206 351 440 589 728 604 888 906 757 921 88 80 105 489 876 539 405 920 856 581 697 592 484 871 943 608 502 693 499 152 12 469 827 549 381 784 540 48 287 998 233 6 630 76 95 24 118 184 473 671 154 26 508 471 575 550 708 89 568 830 605 427 929 566 860 382 28 368 446 868 161 910 199 285 748 40 191 961 557 374 791 149 700 19 800 594 714 60 624 210 252 314 995 822 213 407 274 456 188 58 96 616 767 802 411 462 792 619 185 590 170 719 100 421 504 758 896 488 520 8 122 653 750 234 369 588 486 104 75 340 65 919 801 680 755 869 270 205 168 410 836 600 997 670 656 171 111 429 224 444 704 712 665 914 576 298 584 711 676 93 978 960 683 837 18 108 226 942 541 448 878 175 563 875 280 596 884 78 379 458 179 857 682 908 560 72 50 438 412 992 850 766 724 688 660 389 384 533 866 321 272 365 864 371 512 140 417 580 615 666 940 496 732 195 232 892 396 43 640 643 414 464 391 778 244 518 746 880 970 740 554 275 356 66 636 260 63 900 902 764 11 450 10 524 110 825 925 79 42 517 840 890 144 419 872 810 832 812 494 941 500 360 45 597 932 833 690 966 20 885 820 334 635 956 125 515 613 262 70 454 675 744 672 629 400 480 828 432 751 163 855 752 535 460 265 788 200 947 904 208 246 795 32 256 94 0
989
903
699
777
279
423
537
147
957
713
173
