967
937
869
845
781
683
503
487
427
307
289
286
199
33
807 622 206 437 229 97 809 173 457 499 535 621 117 415 867 3 507 919 438 857 386 667 813 23 493 268 702 355 322 352 643 245 629 209 389 67 342 411 723 909 419 641 983 483 282 421 868 711 914 251 236 43 442 926 41 53 838 765 692 932 266 593 326 564 587 195 985 466 833 539 474 945 107 783 241 417 475 404 961 77 957 217 238 311 811 707 921 207 111 558 58 677 106 261 796 569 698 71 122 776 545 763 837 791 554 965 492 287 248 508 975 634 751 265 704 709 785 105 181 717 15 201 450 498 222 47 883 652 394 95 247 761 719 567 597 844 358 153 575 274 332 328 582 215 101 441 17 993 782 188 894 422 89 409 771 978 936 19 388 72 371 299 275 171 989 383 821 81 565 465 259 762 628 531 146 971 731 339 204 551 348 557 694 931 687 939 444 671 5 696 402 615 327 149 848 767 305 548 387 235 66 92 485 331 462 34 659 528 439 35 246 537 743 253 951 693 906 356 903 555 943 291 263 283 865 162 963 574 788 787 257 182 941 403 102 523 773 366 605 987 37 819 284 68 642 524 766 254 308 227 395 271 80 847 281 230 94 76 99 603 349 572 453 135 56 412 96 623 988 854 368 63 316 595 239 738 972 340 741 306 822 513 423 929 669 397 119 10 273 84 922 249 745 295 986 310 956 461 370 924 218 290 625 653 958 108 966 155 899 186 627 314 198 930 774 556 363 82 691 699 164 413 724 658 803 923 790 407 45 818 518 157 156 333 478 573 65 979 260 794 728 211 992 12 364 267 78 733 506 606 514 91 586 636 346 997 150 469 879 309 527 942 502 611 337 679 192 798 127 154 489 968 25 799 562 824 955 861 61 994 675 519 7 57 839 855 769 435 237 970 657 468 223 301 757 473 902 917 6 938 734 51 974 396 654 577 566 203 471 138 131 913 703 737 143 777 908 613 890 362 374 614 177 463 982 612 749 509 695 859 544 973 640 318 964 877 472 39 13 980 178 185 661 391 976 31 406 445 815 515 26 351 891 858 962 549 292 426 180 873 852 166 697 224 210 862 816 742 546 376 8 984 842 452 651 954 547 732 347 48 93 779 429 632 234 808 176 638 900 901 553 626 85 904 590 197 321 981 705 607 345 949 706 778 269 826 674 315 335 323 338 740 244 589 22 416 464 293 9 184 191 319 952 109 601 132 357 73 69 780 563 918 676 46 608 708 467 11 98 401 754 896 49 561 594 536 746 55 496 895 959 843 598 620 38 449 775 139 258 104 88 221 491 36 456 2 689 892 116 294 424 571 568 443 136 655 915 52 151 120 214 827 454 849 133 14 542 650 786 525 385 172 262 304 712 189 805 584 817 863 170 793 752 103 504 232 458 925 288 459 911 789 62 726 219 208 242 878 494 755 907 369 756 431 673 820 240 991 231 377 665 226 870 646 179 233 400 334 433 758 225 21 735 24 425 889 190 361 953 216 834 944 866 764 451 602 721 729 64 410 1 700 167 175 4 853 885 382 570 158 169 644 317 996 685 183 79 722 152 296 278 220 501 205 476 505 616 486 639 860 115 50 145 460 630 479 772 303 830 147 969 517 54 713 243 118 682 784 264 324 75 16 662 893 168 418 672 372 618 797 538 684 74 27 511 716 806 313 353 596 940 482 753 250 715 648 631 800 579 768 398 110 490 530 86 678 134 681 375 927 495 252 436 887 420 609 302 770 846 256 739 856 380 194 42 477 148 580 725 617 393 928 447 934 126 875 344 20 668 541 521 60 647 325 578 112 831 898 270 670 888 488 540 18 373 829 686 228 114 90 526 277 881 123 832 448 428 680 279 280 213 876 298 70 624 637 552 998 470 484 159 599 480 379 916 408 701 142 864 880 399 727 604 500 851 329 933 656 312 990 645 977 432 886 995 360 718 161 359 44 748 592 690 960 320 497 905 795 559 129 481 750 365 801 255 165 946 140 455 714 688 174 405 534 591 935 124 884 560 950 835 633 660 543 581 32 897 999 390 354 392 910 384 330 600 802 649 297 759 193 200 141 430 343 336 202 83 871 381 520 196 760 128 814 350 850 747 583 160 516 125 512 378 744 285 635 100 440 522 532 300 276 948 792 212 30 510 585 874 446 812 720 823 882 434 533 664 588 828 810 610 666 736 40 710 836 576 825 730 840 28 912 130 872 113 144 414 619 137 550 367 804 272 920 0
59
947
663
529
87
29
841
341
163
121
187
